logs/manifest-merger-debug-report.txt
-- Merging decision tree log ---
manifest
ADDED from src\main\AndroidManifest.xml:2:1-121:12
	package
		ADDED from src\main\AndroidManifest.xml:3:5-31
		INJECTED from src\main\AndroidManifest.xml
		INJECTED from src\main\AndroidManifest.xml
	android:versionName
		INJECTED from src\main\AndroidManifest.xml
		INJECTED from src\main\AndroidManifest.xml
	xmlns:android
		ADDED from src\main\AndroidManifest.xml:2:11-69
	android:versionCode
		INJECTED from src\main\AndroidManifest.xml
		INJECTED from src\main\AndroidManifest.xml
uses-sdk
ADDED from src\main\AndroidManifest.xml:6:5-8:41
MERGED from [com.android.support:appcompat-v7:21.0.3] AndroidManifest.xml:15:5-42
MERGED from [com.android.support:support-v4:21.0.3] AndroidManifest.xml:15:5-42
MERGED from [com.google.android.gms:play-services:6.5.87] AndroidManifest.xml:18:5-42
MERGED from [com.android.support:support-v4:21.0.3] AndroidManifest.xml:15:5-42
	android:targetSdkVersion
		ADDED from src\main\AndroidManifest.xml:8:9-38
		INJECTED from src\main\AndroidManifest.xml
		INJECTED from src\main\AndroidManifest.xml
	android:minSdkVersion
		ADDED from src\main\AndroidManifest.xml:7:9-35
		INJECTED from src\main\AndroidManifest.xml
		INJECTED from src\main\AndroidManifest.xml
uses-permission#android.permission.INTERNET
ADDED from src\main\AndroidManifest.xml:9:5-66
	android:name
		ADDED from src\main\AndroidManifest.xml:9:22-64
uses-permission#android.permission.GET_ACCOUNTS
ADDED from src\main\AndroidManifest.xml:10:5-71
	android:name
		ADDED from src\main\AndroidManifest.xml:10:22-68
uses-permission#android.permission.WAKE_LOCK
ADDED from src\main\AndroidManifest.xml:11:5-68
	android:name
		ADDED from src\main\AndroidManifest.xml:11:22-65
uses-permission#com.google.android.c2dm.permission.RECEIVE
ADDED from src\main\AndroidManifest.xml:12:5-82
	android:name
		ADDED from src\main\AndroidManifest.xml:12:22-79
permission#com.hmkcode.android.gcm.permission.C2D_MESSAGE
ADDED from src\main\AndroidManifest.xml:14:5-15:47
	android:protectionLevel
		ADDED from src\main\AndroidManifest.xml:15:9-44
	android:name
		ADDED from src\main\AndroidManifest.xml:14:17-78
uses-permission#com.hmkcode.android.gcm.permission.C2D_MESSAGE
ADDED from src\main\AndroidManifest.xml:16:5-86
	android:name
		ADDED from src\main\AndroidManifest.xml:16:22-83
application
ADDED from src\main\AndroidManifest.xml:18:5-119:19
MERGED from [com.android.support:appcompat-v7:21.0.3] AndroidManifest.xml:16:5-19
MERGED from [com.android.support:support-v4:21.0.3] AndroidManifest.xml:16:5-19
MERGED from [com.google.android.gms:play-services:6.5.87] AndroidManifest.xml:20:5-24:19
MERGED from [com.android.support:support-v4:21.0.3] AndroidManifest.xml:16:5-19
	android:label
		ADDED from src\main\AndroidManifest.xml:21:9-41
	android:allowBackup
		ADDED from src\main\AndroidManifest.xml:19:9-35
	android:icon
		ADDED from src\main\AndroidManifest.xml:20:9-38
	android:theme
		ADDED from src\main\AndroidManifest.xml:22:9-40
activity#com.botna.chess2.MainActivity
ADDED from src\main\AndroidManifest.xml:23:9-34:20
	android:screenOrientation
		ADDED from src\main\AndroidManifest.xml:26:13-49
	android:label
		ADDED from src\main\AndroidManifest.xml:25:13-45
	android:configChanges
		ADDED from src\main\AndroidManifest.xml:27:13-63
	android:name
		ADDED from src\main\AndroidManifest.xml:24:13-41
intent-filter#android.intent.action.MAIN+android.intent.category.LAUNCHER
ADDED from src\main\AndroidManifest.xml:28:13-32:29
action#android.intent.action.MAIN
ADDED from src\main\AndroidManifest.xml:29:17-69
	android:name
		ADDED from src\main\AndroidManifest.xml:29:25-66
category#android.intent.category.LAUNCHER
ADDED from src\main\AndroidManifest.xml:31:17-77
	android:name
		ADDED from src\main\AndroidManifest.xml:31:27-74
activity#chess2.Activities.NewGameActivity
ADDED from src\main\AndroidManifest.xml:36:9-45:20
	android:screenOrientation
		ADDED from src\main\AndroidManifest.xml:40:13-49
	android:label
		ADDED from src\main\AndroidManifest.xml:38:13-51
	android:parentActivityName
		ADDED from src\main\AndroidManifest.xml:39:13-71
	android:configChanges
		ADDED from src\main\AndroidManifest.xml:41:13-63
	android:name
		ADDED from src\main\AndroidManifest.xml:37:13-61
meta-data#android.support.PARENT_ACTIVITY
ADDED from src\main\AndroidManifest.xml:42:13-44:65
	android:value
		ADDED from src\main\AndroidManifest.xml:44:17-62
	android:name
		ADDED from src\main\AndroidManifest.xml:43:17-63
activity#chess2.Activities.PlayGameActivity
ADDED from src\main\AndroidManifest.xml:47:9-56:20
	android:screenOrientation
		ADDED from src\main\AndroidManifest.xml:51:13-49
	android:label
		ADDED from src\main\AndroidManifest.xml:49:13-52
	android:parentActivityName
		ADDED from src\main\AndroidManifest.xml:50:13-71
	android:configChanges
		ADDED from src\main\AndroidManifest.xml:52:13-63
	android:name
		ADDED from src\main\AndroidManifest.xml:48:13-62
activity#chess2.Activities.GameHistoryActivity
ADDED from src\main\AndroidManifest.xml:58:9-67:20
	android:screenOrientation
		ADDED from src\main\AndroidManifest.xml:62:13-49
	android:label
		ADDED from src\main\AndroidManifest.xml:60:13-36
	android:parentActivityName
		ADDED from src\main\AndroidManifest.xml:61:13-76
	android:configChanges
		ADDED from src\main\AndroidManifest.xml:63:13-63
	android:name
		ADDED from src\main\AndroidManifest.xml:59:13-65
activity#chess2.Activities.SimulateActivity
ADDED from src\main\AndroidManifest.xml:69:9-78:20
	android:screenOrientation
		ADDED from src\main\AndroidManifest.xml:73:13-49
	android:label
		ADDED from src\main\AndroidManifest.xml:71:13-38
	android:parentActivityName
		ADDED from src\main\AndroidManifest.xml:72:13-76
	android:configChanges
		ADDED from src\main\AndroidManifest.xml:74:13-63
	android:name
		ADDED from src\main\AndroidManifest.xml:70:13-62
activity#chess2.Activities.TempActivity
ADDED from src\main\AndroidManifest.xml:79:9-88:20
	android:screenOrientation
		ADDED from src\main\AndroidManifest.xml:83:13-49
	android:label
		ADDED from src\main\AndroidManifest.xml:81:13-38
	android:parentActivityName
		ADDED from src\main\AndroidManifest.xml:82:13-76
	android:configChanges
		ADDED from src\main\AndroidManifest.xml:84:13-63
	android:name
		ADDED from src\main\AndroidManifest.xml:80:13-58
activity#chess2.Activities.CampaignActivity
ADDED from src\main\AndroidManifest.xml:91:9-100:20
	android:screenOrientation
		ADDED from src\main\AndroidManifest.xml:95:13-49
	android:label
		ADDED from src\main\AndroidManifest.xml:93:13-39
	android:parentActivityName
		ADDED from src\main\AndroidManifest.xml:94:13-71
	android:configChanges
		ADDED from src\main\AndroidManifest.xml:96:13-63
	android:name
		ADDED from src\main\AndroidManifest.xml:92:13-62
receiver#serverClasses.GcmBroadcastReceiver
ADDED from src\main\AndroidManifest.xml:102:9-108:20
	android:permission
		ADDED from src\main\AndroidManifest.xml:104:13-73
	android:name
		ADDED from src\main\AndroidManifest.xml:103:13-62
intent-filter#com.google.android.c2dm.intent.RECEIVE
ADDED from src\main\AndroidManifest.xml:105:13-107:29
action#com.google.android.c2dm.intent.RECEIVE
ADDED from src\main\AndroidManifest.xml:106:17-81
	android:name
		ADDED from src\main\AndroidManifest.xml:106:25-78
service#serverClasses.GcmMessageHandler
ADDED from src\main\AndroidManifest.xml:110:9-67
	android:name
		ADDED from src\main\AndroidManifest.xml:110:18-64
service#chess2.Services.ChessService
ADDED from src\main\AndroidManifest.xml:112:9-116:19
	android:label
		ADDED from src\main\AndroidManifest.xml:114:13-49
	android:name
		ADDED from src\main\AndroidManifest.xml:113:13-56
meta-data#com.google.android.gms.version
ADDED from [com.google.android.gms:play-services:6.5.87] AndroidManifest.xml:21:9-23:69
	android:value
		ADDED from [com.google.android.gms:play-services:6.5.87] AndroidManifest.xml:23:13-66
	android:name
		ADDED from [com.google.android.gms:play-services:6.5.87] AndroidManifest.xml:22:13-58